0 info it worked if it ends with ok
1 verbose cli [ '/usr/bin/node',
1 verbose cli   '/usr/bin/npm',
1 verbose cli   'install',
1 verbose cli   '-g',
1 verbose cli   'create-react-app' ]
2 info using npm@2.15.1
3 info using node@v0.10.48
4 verbose node symlink /usr/bin/node
5 verbose install initial load of /usr/lib/package.json
6 verbose readDependencies loading dependencies from /usr/lib/package.json
7 silly cache add args [ 'create-react-app', null ]
8 verbose cache add spec create-react-app
9 silly cache add parsed spec { raw: 'create-react-app',
9 silly cache add   scope: null,
9 silly cache add   name: 'create-react-app',
9 silly cache add   rawSpec: '',
9 silly cache add   spec: 'latest',
9 silly cache add   type: 'tag' }
10 silly addNamed create-react-app@latest
11 verbose addNamed "latest" is being treated as a dist-tag for create-react-app
12 info addNameTag [ 'create-react-app', 'latest' ]
13 silly mapToRegistry name create-react-app
14 silly mapToRegistry using default registry
15 silly mapToRegistry registry https://registry.npmjs.org/
16 silly mapToRegistry data { raw: 'create-react-app',
16 silly mapToRegistry   scope: null,
16 silly mapToRegistry   name: 'create-react-app',
16 silly mapToRegistry   rawSpec: '',
16 silly mapToRegistry   spec: 'latest',
16 silly mapToRegistry   type: 'tag' }
17 silly mapToRegistry uri https://registry.npmjs.org/create-react-app
18 verbose addNameTag registry:https://registry.npmjs.org/create-react-app not in flight; fetching
19 verbose request uri https://registry.npmjs.org/create-react-app
20 verbose request no auth needed
21 info attempt registry request try #1 at 15:32:09
22 verbose request id 780c48a8c5651e24
23 http request GET https://registry.npmjs.org/create-react-app
24 http 200 https://registry.npmjs.org/create-react-app
25 verbose headers { date: 'Sun, 27 May 2018 15:32:09 GMT',
25 verbose headers   'content-type': 'application/json; charset=UTF-8',
25 verbose headers   'transfer-encoding': 'chunked',
25 verbose headers   connection: 'keep-alive',
25 verbose headers   'set-cookie': [ '__cfduid=da3cc04e1e05252c496bbb3a397b987911527435129; expires=Mon, 27-May-19 15:32:09 GMT; path=/; domain=.npmjs.org; HttpOnly; Secure' ],
25 verbose headers   'cache-control': 'max-age=300',
25 verbose headers   'cf-cache-status': 'HIT',
25 verbose headers   'cf-ray': '4219885918ec9fde-IAD',
25 verbose headers   etag: 'W/"d8003e6d61c808a662cb52abd3a3d04d"',
25 verbose headers   'expect-ct': 'max-age=604800, report-uri="https://report-uri.cloudflare.com/cdn-cgi/beacon/expect-ct"',
25 verbose headers   'last-modified': 'Sat, 26 May 2018 21:19:21 GMT',
25 verbose headers   vary: 'accept-encoding, accept',
25 verbose headers   server: 'cloudflare',
25 verbose headers   'content-encoding': 'gzip' }
26 silly get cb [ 200,
26 silly get   { date: 'Sun, 27 May 2018 15:32:09 GMT',
26 silly get     'content-type': 'application/json; charset=UTF-8',
26 silly get     'transfer-encoding': 'chunked',
26 silly get     connection: 'keep-alive',
26 silly get     'set-cookie': [ '__cfduid=da3cc04e1e05252c496bbb3a397b987911527435129; expires=Mon, 27-May-19 15:32:09 GMT; path=/; domain=.npmjs.org; HttpOnly; Secure' ],
26 silly get     'cache-control': 'max-age=300',
26 silly get     'cf-cache-status': 'HIT',
26 silly get     'cf-ray': '4219885918ec9fde-IAD',
26 silly get     etag: 'W/"d8003e6d61c808a662cb52abd3a3d04d"',
26 silly get     'expect-ct': 'max-age=604800, report-uri="https://report-uri.cloudflare.com/cdn-cgi/beacon/expect-ct"',
26 silly get     'last-modified': 'Sat, 26 May 2018 21:19:21 GMT',
26 silly get     vary: 'accept-encoding, accept',
26 silly get     server: 'cloudflare',
26 silly get     'content-encoding': 'gzip' } ]
27 verbose get saving create-react-app to /home/vagrant/.npm/registry.npmjs.org/create-react-app/.cache.json
28 verbose correctMkdir /home/vagrant/.npm correctMkdir not in flight; initializing
29 silly addNameTag next cb for create-react-app with tag latest
30 silly addNamed create-react-app@1.5.2
31 verbose addNamed "1.5.2" is a plain semver version for create-react-app
32 silly mapToRegistry name create-react-app
33 silly mapToRegistry using default registry
34 silly mapToRegistry registry https://registry.npmjs.org/
35 silly mapToRegistry data { raw: 'create-react-app',
35 silly mapToRegistry   scope: null,
35 silly mapToRegistry   name: 'create-react-app',
35 silly mapToRegistry   rawSpec: '',
35 silly mapToRegistry   spec: 'latest',
35 silly mapToRegistry   type: 'tag' }
36 silly mapToRegistry uri https://registry.npmjs.org/create-react-app
37 verbose addRemoteTarball https://registry.npmjs.org/create-react-app/-/create-react-app-1.5.2.tgz not in flight; adding
38 verbose addRemoteTarball [ 'https://registry.npmjs.org/create-react-app/-/create-react-app-1.5.2.tgz',
38 verbose addRemoteTarball   '2639e5d2f88e8777977beb6a8d9cbc04cf70091e' ]
39 info retry fetch attempt 1 at 15:32:10
40 info attempt registry request try #1 at 15:32:10
41 http fetch GET https://registry.npmjs.org/create-react-app/-/create-react-app-1.5.2.tgz
42 http fetch 200 https://registry.npmjs.org/create-react-app/-/create-react-app-1.5.2.tgz
43 silly fetchAndShaCheck shasum 2639e5d2f88e8777977beb6a8d9cbc04cf70091e
44 verbose addTmpTarball /tmp/npm-10842-8d7398b8/registry.npmjs.org/create-react-app/-/create-react-app-1.5.2.tgz not in flight; adding
45 verbose addTmpTarball already have metadata; skipping unpack for create-react-app@1.5.2
46 verbose correctMkdir /home/vagrant/.npm correctMkdir not in flight; initializing
47 silly cache afterAdd create-react-app@1.5.2
48 verbose afterAdd /home/vagrant/.npm/create-react-app/1.5.2/package/package.json not in flight; writing
49 verbose correctMkdir /home/vagrant/.npm correctMkdir not in flight; initializing
50 verbose afterAdd /home/vagrant/.npm/create-react-app/1.5.2/package/package.json written
51 silly install resolved [ { name: 'create-react-app',
51 silly install resolved     version: '1.5.2',
51 silly install resolved     keywords: [ 'react' ],
51 silly install resolved     description: 'Create React apps with no build configuration.',
51 silly install resolved     repository:
51 silly install resolved      { type: 'git',
51 silly install resolved        url: 'git+https://github.com/facebookincubator/create-react-app.git' },
51 silly install resolved     license: 'MIT',
51 silly install resolved     engines: { node: '>=4' },
51 silly install resolved     bugs: { url: 'https://github.com/facebookincubator/create-react-app/issues' },
51 silly install resolved     files: [ 'index.js', 'createReactApp.js' ],
51 silly install resolved     bin: { 'create-react-app': './index.js' },
51 silly install resolved     dependencies:
51 silly install resolved      { chalk: '^1.1.1',
51 silly install resolved        commander: '^2.9.0',
51 silly install resolved        'cross-spawn': '^4.0.0',
51 silly install resolved        envinfo: '3.4.2',
51 silly install resolved        'fs-extra': '^1.0.0',
51 silly install resolved        hyperquest: '^2.1.2',
51 silly install resolved        semver: '^5.0.3',
51 silly install resolved        'tar-pack': '^3.4.0',
51 silly install resolved        tmp: '0.0.31',
51 silly install resolved        'validate-npm-package-name': '^3.0.0' },
51 silly install resolved     homepage: 'https://github.com/facebookincubator/create-react-app#readme',
51 silly install resolved     _id: 'create-react-app@1.5.2',
51 silly install resolved     _npmVersion: '5.6.0',
51 silly install resolved     _nodeVersion: '8.6.0',
51 silly install resolved     _npmUser: { name: 'gaearon', email: 'dan.abramov@gmail.com' },
51 silly install resolved     dist:
51 silly install resolved      { integrity: 'sha512-vnYIzsfTaqai2l07P9qtxhsZgHbzirC2omxKmf16wqvpXao9CNCDmpk+BCZRElih7HTn/mpO3soe8DTZV4DsgQ==',
51 silly install resolved        shasum: '2639e5d2f88e8777977beb6a8d9cbc04cf70091e',
51 silly install resolved        tarball: 'https://registry.npmjs.org/create-react-app/-/create-react-app-1.5.2.tgz',
51 silly install resolved        fileCount: 4,
51 silly install resolved        unpackedSize: 25574 },
51 silly install resolved     maintainers: [ [Object], [Object], [Object], [Object], [Object] ],
51 silly install resolved     directories: {},
51 silly install resolved     _npmOperationalInternal:
51 silly install resolved      { host: 's3://npm-registry-packages',
51 silly install resolved        tmp: 'tmp/create-react-app_1.5.2_1518182464676_0.8542051396701542' },
51 silly install resolved     _shasum: '2639e5d2f88e8777977beb6a8d9cbc04cf70091e',
51 silly install resolved     _resolved: 'https://registry.npmjs.org/create-react-app/-/create-react-app-1.5.2.tgz',
51 silly install resolved     _from: 'create-react-app@latest' } ]
52 info install create-react-app@1.5.2 into /usr/lib
53 info installOne create-react-app@1.5.2
54 verbose installOne of create-react-app to /usr/lib not in flight; installing
55 verbose correctMkdir /home/vagrant/.npm/_locks correctMkdir not in flight; initializing
56 verbose lock using /home/vagrant/.npm/_locks/create-react-app-4598f96e5ec8f944.lock for /usr/lib/node_modules/create-react-app
57 warn engine create-react-app@1.5.2: wanted: {"node":">=4"} (current: {"node":"0.10.48","npm":"2.15.1"})
58 silly install write writing create-react-app 1.5.2 to /usr/lib/node_modules/create-react-app
59 verbose unbuild lib/node_modules/create-react-app
60 silly gentlyRm /usr/lib/node_modules/create-react-app is being purged from base /usr
61 verbose gentlyRm don't care about contents; nuking /usr/lib/node_modules/create-react-app
62 verbose tar unpack /home/vagrant/.npm/create-react-app/1.5.2/package.tgz
63 verbose tar unpacking to /usr/lib/node_modules/create-react-app
64 silly gentlyRm /usr/lib/node_modules/create-react-app is being purged
65 verbose gentlyRm don't care about contents; nuking /usr/lib/node_modules/create-react-app
66 silly gunzTarPerm modes [ '775', '664' ]
67 error tar.unpack untar error /home/vagrant/.npm/create-react-app/1.5.2/package.tgz
68 verbose unlock done using /home/vagrant/.npm/_locks/create-react-app-4598f96e5ec8f944.lock for /usr/lib/node_modules/create-react-app
69 verbose fstream_path /usr/lib/node_modules/create-react-app
70 verbose fstream_type Directory
71 verbose fstream_class DirWriter
72 verbose stack Error: EACCES, mkdir '/usr/lib/node_modules/create-react-app'
73 verbose fstream_stack /usr/lib/node_modules/npm/node_modules/fstream/lib/dir-writer.js:35:25
73 verbose fstream_stack /usr/lib/node_modules/npm/node_modules/mkdirp/index.js:47:53
73 verbose fstream_stack Object.oncomplete (fs.js:108:15)
74 verbose cwd /vagrant/ideaboard-api
75 error Linux 3.2.0-23-generic-pae
76 error argv "/usr/bin/node" "/usr/bin/npm" "install" "-g" "create-react-app"
77 error node v0.10.48
78 error npm  v2.15.1
79 error path /usr/lib/node_modules/create-react-app
80 error code EACCES
81 error errno 3
82 error Error: EACCES, mkdir '/usr/lib/node_modules/create-react-app'
82 error  { [Error: EACCES, mkdir '/usr/lib/node_modules/create-react-app']
82 error   errno: 3,
82 error   code: 'EACCES',
82 error   path: '/usr/lib/node_modules/create-react-app',
82 error   fstream_type: 'Directory',
82 error   fstream_path: '/usr/lib/node_modules/create-react-app',
82 error   fstream_class: 'DirWriter',
82 error   fstream_stack:
82 error    [ '/usr/lib/node_modules/npm/node_modules/fstream/lib/dir-writer.js:35:25',
82 error      '/usr/lib/node_modules/npm/node_modules/mkdirp/index.js:47:53',
82 error      'Object.oncomplete (fs.js:108:15)' ] }
83 error Please try running this command again as root/Administrator.
84 verbose exit [ 3, true ]
85 verbose unbuild lib/node_modules/create-react-app
86 silly gentlyRm /usr/lib/node_modules/create-react-app is being purged from base /usr
87 verbose gentlyRm don't care about contents; nuking /usr/lib/node_modules/create-react-app
